{
  "stats": {
    "suites": 1,
    "tests": 1,
    "passes": 1,
    "pending": 0,
    "failures": 0,
    "start": "2021-12-07T14:30:51.492Z",
    "end": "2021-12-07T14:30:57.731Z",
    "duration": 6239,
    "testsRegistered": 1,
    "passPercent": 100,
    "pendingPercent": 0,
    "other": 0,
    "hasOther": false,
    "skipped": 0,
    "hasSkipped": false
  },
  "results": [
    {
      "uuid": "eaf7149a-426f-4799-8000-faabf746cb0b",
      "title": "",
      "fullFile": "cypress/integration/cadastro.spec.js",
      "file": "cypress/integration/cadastro.spec.js",
      "beforeHooks": [],
      "afterHooks": [],
      "tests": [],
      "suites": [
        {
          "uuid": "8aaa6671-1048-4802-ab74-e68b916416d4",
          "title": "Cadastro",
          "fullFile": "",
          "file": "",
          "beforeHooks": [],
          "afterHooks": [],
          "tests": [
            {
              "title": "Quando eu informar os dados e finalizar, então o cadastro deve ser efetuado",
              "fullTitle": "Cadastro Quando eu informar os dados e finalizar, então o cadastro deve ser efetuado",
              "timedOut": null,
              "duration": 4260,
              "state": "passed",
              "speed": "slow",
              "pass": true,
              "fail": false,
              "pending": false,
              "context": null,
              "code": "cy.visit('https://form-agilizei.netlify.app/index.html'); //gera dados aleatórios atraves da biblioteca chance\ncy.get('input[name=firstName]').type(chance.first());\ncy.get('input[name=lastName]').type(chance.last());\ncy.get('textarea[name=adress]').type(chance.address());\ncy.get('input[name=emailAdress]').type(chance.email());\ncy.get('input[type=radio][value=n]').check();\ncy.get('input[type=checkbox]').check('Netflix'); //preenche com o value\ncy.get('select#countries').select('Hong Kong', {\n  force: true\n}); //preenche com o value\ncy.get('select#years').select('1990', {\n  force: true\n});\ncy.get('select#months').select('Junho', {\n  force: true\n});\ncy.get('select#days').select('23', {\n  force: true\n});\ncy.get('input#firstpassword').type('Jubil&u123');\ncy.get('input#secondpassword').type('Jubil&u123');\ncy.get('button#submitbtn').click(); //verificar se a url é a da tela de listagem\ncy.url().should('contain', 'listagem');",
              "err": {},
              "uuid": "b6cca46c-e308-4dd8-b3e9-cd157d36d075",
              "parentUUID": "8aaa6671-1048-4802-ab74-e68b916416d4",
              "isHook": false,
              "skipped": false
            }
          ],
          "suites": [],
          "passes": [
            "b6cca46c-e308-4dd8-b3e9-cd157d36d075"
          ],
          "failures": [],
          "pending": [],
          "skipped": [],
          "duration": 4260,
          "root": false,
          "rootEmpty": false,
          "_timeout": 2000
        }
      ],
      "passes": [],
      "failures": [],
      "pending": [],
      "skipped": [],
      "duration": 0,
      "root": true,
      "rootEmpty": true,
      "_timeout": 2000
    }
  ],
  "meta": {
    "mocha": {
      "version": "7.0.1"
    },
    "mochawesome": {
      "options": {
        "quiet": true,
        "reportFilename": "mochawesome",
        "saveHtml": false,
        "saveJson": true,
        "consoleReporter": "spec",
        "useInlineDiffs": false,
        "code": true
      },
      "version": "7.0.1"
    },
    "marge": {
      "options": {
        "id": "default",
        "reportDir": "mochawesome-report",
        "quiet": true,
        "overwrite": false,
        "html": false,
        "json": true
      },
      "version": "6.0.1"
    }
  }
}