{
  "stats": {
    "suites": 1,
    "tests": 2,
    "passes": 2,
    "pending": 0,
    "failures": 0,
    "start": "2021-12-07T14:31:01.944Z",
    "end": "2021-12-07T14:31:04.286Z",
    "duration": 2342,
    "testsRegistered": 2,
    "passPercent": 100,
    "pendingPercent": 0,
    "other": 0,
    "hasOther": false,
    "skipped": 0,
    "hasSkipped": false
  },
  "results": [
    {
      "uuid": "1fd137d3-2e44-4b9e-bd5f-c217f72b73df",
      "title": "",
      "fullFile": "cypress/integration/listagem.spec.js",
      "file": "cypress/integration/listagem.spec.js",
      "beforeHooks": [],
      "afterHooks": [],
      "tests": [],
      "suites": [
        {
          "uuid": "3b6c405f-e472-4116-9204-1ae299fc36b6",
          "title": "Listagem",
          "fullFile": "",
          "file": "",
          "beforeHooks": [],
          "afterHooks": [],
          "tests": [
            {
              "title": "Quando não houver cadastros, então a listagem deve estar vazia",
              "fullTitle": "Listagem Quando não houver cadastros, então a listagem deve estar vazia",
              "timedOut": null,
              "duration": 458,
              "state": "passed",
              "speed": "slow",
              "pass": true,
              "fail": false,
              "pending": false,
              "context": null,
              "code": "cy.fixture('listagem-vazia').then(result => {\n  window.localStorage.setItem('data', JSON.stringify(result));\n});\ncy.visit(\"https://form-agilizei.netlify.app/listagem.html\");\ncy.get('.table tbody tr').should('have.length', 0);",
              "err": {},
              "uuid": "463fb1f0-aa1a-498a-bc03-3ed50b39d3c6",
              "parentUUID": "3b6c405f-e472-4116-9204-1ae299fc36b6",
              "isHook": false,
              "skipped": false
            },
            {
              "title": "Quando houver um ou mais cadastros, então a listagem deve ser exibida",
              "fullTitle": "Listagem Quando houver um ou mais cadastros, então a listagem deve ser exibida",
              "timedOut": null,
              "duration": 628,
              "state": "passed",
              "speed": "slow",
              "pass": true,
              "fail": false,
              "pending": false,
              "context": null,
              "code": "cy.fixture('listagem-com-itens').then(result => {\n  window.localStorage.setItem('data', JSON.stringify(result));\n});\ncy.visit(\"https://form-agilizei.netlify.app/listagem.html\");\ncy.get('.table tbody tr').should('have.length', 2);",
              "err": {},
              "uuid": "5a2b2f87-2693-4f7a-8cbe-405e6a8c84c5",
              "parentUUID": "3b6c405f-e472-4116-9204-1ae299fc36b6",
              "isHook": false,
              "skipped": false
            }
          ],
          "suites": [],
          "passes": [
            "463fb1f0-aa1a-498a-bc03-3ed50b39d3c6",
            "5a2b2f87-2693-4f7a-8cbe-405e6a8c84c5"
          ],
          "failures": [],
          "pending": [],
          "skipped": [],
          "duration": 1086,
          "root": false,
          "rootEmpty": false,
          "_timeout": 2000
        }
      ],
      "passes": [],
      "failures": [],
      "pending": [],
      "skipped": [],
      "duration": 0,
      "root": true,
      "rootEmpty": true,
      "_timeout": 2000
    }
  ],
  "meta": {
    "mocha": {
      "version": "7.0.1"
    },
    "mochawesome": {
      "options": {
        "quiet": true,
        "reportFilename": "mochawesome",
        "saveHtml": false,
        "saveJson": true,
        "consoleReporter": "spec",
        "useInlineDiffs": false,
        "code": true
      },
      "version": "7.0.1"
    },
    "marge": {
      "options": {
        "id": "default",
        "reportDir": "mochawesome-report",
        "quiet": true,
        "overwrite": false,
        "html": false,
        "json": true
      },
      "version": "6.0.1"
    }
  }
}